Determining if the pthread_create exist failed with the following output:
Change Dir: /home/robin/catkin_car/build/CMakeFiles/CMakeTmp

Run Build Command:"/usr/bin/make" "cmTC_8315b/fast"
/usr/bin/make -f CMakeFiles/cmTC_8315b.dir/build.make CMakeFiles/cmTC_8315b.dir/build
make[1]: Entering directory '/home/robin/catkin_car/build/CMakeFiles/CMakeTmp'
Building C object CMakeFiles/cmTC_8315b.dir/CheckSymbolExists.c.o
/usr/bin/cc     -o CMakeFiles/cmTC_8315b.dir/CheckSymbolExists.c.o   -c /home/robin/catkin_car/build/CMakeFiles/CMakeTmp/CheckSymbolExists.c
Linking C executable cmTC_8315b
/usr/bin/cmake -E cmake_link_script CMakeFiles/cmTC_8315b.dir/link.txt --verbose=1
/usr/bin/cc       CMakeFiles/cmTC_8315b.dir/CheckSymbolExists.c.o  -o cmTC_8315b -rdynamic 
CMakeFiles/cmTC_8315b.dir/CheckSymbolExists.c.o: In function `main':
CheckSymbolExists.c:(.text+0x16): undefined reference to `pthread_create'
collect2: error: ld returned 1 exit status
CMakeFiles/cmTC_8315b.dir/build.make:97: recipe for target 'cmTC_8315b' failed
make[1]: *** [cmTC_8315b] Error 1
make[1]: Leaving directory '/home/robin/catkin_car/build/CMakeFiles/CMakeTmp'
Makefile:126: recipe for target 'cmTC_8315b/fast' failed
make: *** [cmTC_8315b/fast] Error 2

File /home/robin/catkin_car/build/CMakeFiles/CMakeTmp/CheckSymbolExists.c:
/* */
#include <pthread.h>

int main(int argc, char** argv)
{
  (void)argv;
#ifndef pthread_create
  return ((int*)(&pthread_create))[argc];
#else
  (void)argc;
  return 0;
#endif
}

Determining if the function pthread_create exists in the pthreads failed with the following output:
Change Dir: /home/robin/catkin_car/build/CMakeFiles/CMakeTmp

Run Build Command:"/usr/bin/make" "cmTC_064cf/fast"
/usr/bin/make -f CMakeFiles/cmTC_064cf.dir/build.make CMakeFiles/cmTC_064cf.dir/build
make[1]: Entering directory '/home/robin/catkin_car/build/CMakeFiles/CMakeTmp'
Building C object CMakeFiles/cmTC_064cf.dir/CheckFunctionExists.c.o
/usr/bin/cc    -DCHECK_FUNCTION_EXISTS=pthread_create   -o CMakeFiles/cmTC_064cf.dir/CheckFunctionExists.c.o   -c /usr/share/cmake-3.5/Modules/CheckFunctionExists.c
Linking C executable cmTC_064cf
/usr/bin/cmake -E cmake_link_script CMakeFiles/cmTC_064cf.dir/link.txt --verbose=1
/usr/bin/cc   -DCHECK_FUNCTION_EXISTS=pthread_create    CMakeFiles/cmTC_064cf.dir/CheckFunctionExists.c.o  -o cmTC_064cf -rdynamic -lpthreads 
/usr/bin/ld: cannot find -lpthreads
collect2: error: ld returned 1 exit status
CMakeFiles/cmTC_064cf.dir/build.make:97: recipe for target 'cmTC_064cf' failed
make[1]: *** [cmTC_064cf] Error 1
make[1]: Leaving directory '/home/robin/catkin_car/build/CMakeFiles/CMakeTmp'
Makefile:126: recipe for target 'cmTC_064cf/fast' failed
make: *** [cmTC_064cf/fast] Error 2


