Determining if the pthread_create exist failed with the following output:
Change Dir: /home/robin/catkin_car/src/cmake-build-debug/CMakeFiles/CMakeTmp

Run Build Command(s):/usr/bin/make cmTC_6ca60/fast 
/usr/bin/make -f CMakeFiles/cmTC_6ca60.dir/build.make CMakeFiles/cmTC_6ca60.dir/build
make[1]: Entering directory '/home/robin/catkin_car/src/cmake-build-debug/CMakeFiles/CMakeTmp'
Building C object CMakeFiles/cmTC_6ca60.dir/CheckSymbolExists.c.o
/usr/bin/cc    -o CMakeFiles/cmTC_6ca60.dir/CheckSymbolExists.c.o   -c /home/robin/catkin_car/src/cmake-build-debug/CMakeFiles/CMakeTmp/CheckSymbolExists.c
Linking C executable cmTC_6ca60
/home/robin/clion-2019.1.4/bin/cmake/linux/bin/cmake -E cmake_link_script CMakeFiles/cmTC_6ca60.dir/link.txt --verbose=1
/usr/bin/cc      -rdynamic CMakeFiles/cmTC_6ca60.dir/CheckSymbolExists.c.o  -o cmTC_6ca60 
CMakeFiles/cmTC_6ca60.dir/CheckSymbolExists.c.o: In function `main':
CheckSymbolExists.c:(.text+0x16): undefined reference to `pthread_create'
collect2: error: ld returned 1 exit status
CMakeFiles/cmTC_6ca60.dir/build.make:86: recipe for target 'cmTC_6ca60' failed
make[1]: *** [cmTC_6ca60] Error 1
make[1]: Leaving directory '/home/robin/catkin_car/src/cmake-build-debug/CMakeFiles/CMakeTmp'
Makefile:121: recipe for target 'cmTC_6ca60/fast' failed
make: *** [cmTC_6ca60/fast] Error 2

File /home/robin/catkin_car/src/cmake-build-debug/CMakeFiles/CMakeTmp/CheckSymbolExists.c:
/* */
#include <pthread.h>

int main(int argc, char** argv)
{
  (void)argv;
#ifndef pthread_create
  return ((int*)(&pthread_create))[argc];
#else
  (void)argc;
  return 0;
#endif
}

Determining if the function pthread_create exists in the pthreads failed with the following output:
Change Dir: /home/robin/catkin_car/src/cmake-build-debug/CMakeFiles/CMakeTmp

Run Build Command(s):/usr/bin/make cmTC_88098/fast 
/usr/bin/make -f CMakeFiles/cmTC_88098.dir/build.make CMakeFiles/cmTC_88098.dir/build
make[1]: Entering directory '/home/robin/catkin_car/src/cmake-build-debug/CMakeFiles/CMakeTmp'
Building C object CMakeFiles/cmTC_88098.dir/CheckFunctionExists.c.o
/usr/bin/cc   -DCHECK_FUNCTION_EXISTS=pthread_create   -o CMakeFiles/cmTC_88098.dir/CheckFunctionExists.c.o   -c /home/robin/clion-2019.1.4/bin/cmake/linux/share/cmake-3.14/Modules/CheckFunctionExists.c
Linking C executable cmTC_88098
/home/robin/clion-2019.1.4/bin/cmake/linux/bin/cmake -E cmake_link_script CMakeFiles/cmTC_88098.dir/link.txt --verbose=1
/usr/bin/cc  -DCHECK_FUNCTION_EXISTS=pthread_create    -rdynamic CMakeFiles/cmTC_88098.dir/CheckFunctionExists.c.o  -o cmTC_88098 -lpthreads 
/usr/bin/ld: cannot find -lpthreads
collect2: error: ld returned 1 exit status
CMakeFiles/cmTC_88098.dir/build.make:86: recipe for target 'cmTC_88098' failed
make[1]: *** [cmTC_88098] Error 1
make[1]: Leaving directory '/home/robin/catkin_car/src/cmake-build-debug/CMakeFiles/CMakeTmp'
Makefile:121: recipe for target 'cmTC_88098/fast' failed
make: *** [cmTC_88098/fast] Error 2


